<?xml version="1.0" encoding="UTF-8"?>
<testsuite xmlns:xsi="http://www.w3.org/2001/XMLSchema-instance" xsi:noNamespaceSchemaLocation="https://maven.apache.org/surefire/maven-surefire-plugin/xsd/surefire-test-report-3.0.xsd" version="3.0" name="com.example.eurekaserver.EurekaServerApplicationTests" time="23.951" tests="1" errors="0" skipped="0" failures="0">
  <properties>
[...]
</properties>
  <testcase name="contextLoads" classname="com.example.eurekaserver.EurekaServerApplicationTests" time="2.436">
    <system-out><![CDATA[Standard Commons Logging discovery in action with spring-jcl: please remove commons-logging.jar from classpath in order to avoid potential conflicts
17:50:12.821 [main] INFO org.springframework.test.context.support.AnnotationConfigContextLoaderUtils -- Could not detect default configuration classes for test class [com.example.eurekaserver.EurekaServerApplicationTests]: EurekaServerApplicationTests does not declare any static, non-private, non-final, nested classes annotated with @Configuration.
17:50:13.280 [main] INFO org.springframework.boot.test.context.SpringBootTestContextBootstrapper -- Found @SpringBootConfiguration com.example.eurekaserver.EurekaServerApplication for test class com.example.eurekaserver.EurekaServerApplicationTests

  .   ____          _            __ _ _
 /\\ / ___'_ __ _ _(_)_ __  __ _ \ \ \ \
( ( )\___ | '_ | '_| | '_ \/ _` | \ \ \ \
 \\/  ___)| |_)| | | | | || (_| |  ) ) ) )
  '  |____| .__|_| |_|_| |_\__, | / / / /
 =========|_|==============|___/=/_/_/_/

 :: Spring Boot ::                (v3.3.4)

2024-10-29T17:50:16.753+01:00  INFO 11668 --- [EurekaServer] [           main] c.e.e.EurekaServerApplicationTests       : Starting EurekaServerApplicationTests using Java 19.0.1 with PID 11668 (started by figui in C:\Users\figui\Desktop\TP3-20241022T195514Z-001\orders-management\eurekaServer)
2024-10-29T17:50:16.757+01:00  INFO 11668 --- [EurekaServer] [           main] c.e.e.EurekaServerApplicationTests       : No active profile set, falling back to 1 default profile: "default"
2024-10-29T17:50:22.822+01:00  INFO 11668 --- [EurekaServer] [           main] o.s.cloud.context.scope.GenericScope     : BeanFactory id=42820cf5-323e-34ac-833c-dede01824476
2024-10-29T17:50:23.555+01:00  WARN 11668 --- [EurekaServer] [           main] trationDelegate$BeanPostProcessorChecker : Bean 'org.springframework.cloud.client.loadbalancer.LoadBalancerAutoConfiguration$DeferringLoadBalancerInterceptorConfig' of type [org.springframework.cloud.client.loadbalancer.LoadBalancerAutoConfiguration$DeferringLoadBalancerInterceptorConfig] is not eligible for getting processed by all BeanPostProcessors (for example: not eligible for auto-proxying). The currently created BeanPostProcessor [lbRestClientPostProcessor] is declared through a non-static factory method on that class; consider declaring it as static instead.
2024-10-29T17:50:23.593+01:00  WARN 11668 --- [EurekaServer] [           main] trationDelegate$BeanPostProcessorChecker : Bean 'deferringLoadBalancerInterceptor' of type [org.springframework.cloud.client.loadbalancer.DeferringLoadBalancerInterceptor] is not eligible for getting processed by all BeanPostProcessors (for example: not eligible for auto-proxying). Is this bean getting eagerly injected into a currently created BeanPostProcessor [lbRestClientPostProcessor]? Check the corresponding BeanPostProcessor declaration and its dependencies.
2024-10-29T17:50:28.057+01:00  INFO 11668 --- [EurekaServer] [           main] o.s.cloud.commons.util.InetUtils         : Cannot determine local hostname
2024-10-29T17:50:30.695+01:00  INFO 11668 --- [EurekaServer] [           main] o.s.cloud.commons.util.InetUtils         : Cannot determine local hostname
2024-10-29T17:50:30.932+01:00  WARN 11668 --- [EurekaServer] [           main] iguration$LoadBalancerCaffeineWarnLogger : Spring Cloud LoadBalancer is currently working with the default cache. While this cache implementation is useful for development and tests, it's recommended to use Caffeine cache in production.You can switch to using Caffeine cache, by adding it and org.springframework.cache.caffeine.CaffeineCacheManager to the classpath.
2024-10-29T17:50:31.986+01:00  INFO 11668 --- [EurekaServer] [           main] o.s.c.n.eureka.InstanceInfoFactory       : Setting initial instance status as: STARTING
2024-10-29T17:50:32.083+01:00  INFO 11668 --- [EurekaServer] [           main] com.netflix.discovery.DiscoveryClient    : Initializing Eureka in region us-east-1
2024-10-29T17:50:32.088+01:00  INFO 11668 --- [EurekaServer] [           main] com.netflix.discovery.DiscoveryClient    : Client configured to neither register nor query for data.
2024-10-29T17:50:32.097+01:00  INFO 11668 --- [EurekaServer] [           main] com.netflix.discovery.DiscoveryClient    : Discovery Client initialized at timestamp 1730220632092 with initial instances count: 0
2024-10-29T17:50:32.352+01:00  INFO 11668 --- [EurekaServer] [           main] c.n.eureka.DefaultEurekaServerContext    : Initializing ...
2024-10-29T17:50:32.358+01:00  WARN 11668 --- [EurekaServer] [           main] c.n.eureka.cluster.PeerEurekaNodes       : The replica size seems to be empty. Check the route 53 DNS Registry
2024-10-29T17:50:32.455+01:00  INFO 11668 --- [EurekaServer] [           main] c.n.e.registry.AbstractInstanceRegistry  : Finished initializing remote region registries. All known remote regions: []
2024-10-29T17:50:32.456+01:00  INFO 11668 --- [EurekaServer] [           main] c.n.eureka.DefaultEurekaServerContext    : Initialized
2024-10-29T17:50:32.932+01:00  INFO 11668 --- [EurekaServer] [           main] o.s.b.a.e.web.EndpointLinksResolver      : Exposing 1 endpoint beneath base path '/actuator'
2024-10-29T17:50:33.139+01:00  INFO 11668 --- [EurekaServer] [           main] o.s.c.n.e.s.EurekaServiceRegistry        : Registering application EUREKASERVER with eureka with status UP
2024-10-29T17:50:33.199+01:00  INFO 11668 --- [EurekaServer] [      Thread-10] o.s.c.n.e.server.EurekaServerBootstrap   : isAws returned false
2024-10-29T17:50:33.201+01:00  INFO 11668 --- [EurekaServer] [      Thread-10] o.s.c.n.e.server.EurekaServerBootstrap   : Initialized server context
2024-10-29T17:50:33.202+01:00  INFO 11668 --- [EurekaServer] [      Thread-10] c.n.e.r.PeerAwareInstanceRegistryImpl    : Got 1 instances from neighboring DS node
2024-10-29T17:50:33.215+01:00  INFO 11668 --- [EurekaServer] [           main] c.e.e.EurekaServerApplicationTests       : Started EurekaServerApplicationTests in 19.346 seconds (process running for 22.828)
2024-10-29T17:50:33.202+01:00  INFO 11668 --- [EurekaServer] [      Thread-10] c.n.e.r.PeerAwareInstanceRegistryImpl    : Renew threshold is: 1
2024-10-29T17:50:33.222+01:00  INFO 11668 --- [EurekaServer] [      Thread-10] c.n.e.r.PeerAwareInstanceRegistryImpl    : Changing status to UP
2024-10-29T17:50:33.233+01:00  INFO 11668 --- [EurekaServer] [      Thread-10] e.s.EurekaServerInitializerConfiguration : Started Eureka Server
]]></system-out>
  </testcase>
</testsuite>