<?xml version="1.0" encoding="UTF-8"?>
<testsuite xmlns:xsi="http://www.w3.org/2001/XMLSchema-instance" xsi:noNamespaceSchemaLocation="https://maven.apache.org/surefire/maven-surefire-plugin/xsd/surefire-test-report-3.0.xsd" version="3.0" name="config.configurationserver.ConfigurationServerApplicationTests" time="6.316" tests="1" errors="0" skipped="0" failures="0">
  <properties>
[...]
</properties>
  <testcase name="contextLoads" classname="config.configurationserver.ConfigurationServerApplicationTests" time="1.14">
    <system-out><![CDATA[04:13:42.652 [main] INFO org.springframework.test.context.support.AnnotationConfigContextLoaderUtils -- Could not detect default configuration classes for test class [config.configurationserver.ConfigurationServerApplicationTests]: ConfigurationServerApplicationTests does not declare any static, non-private, non-final, nested classes annotated with @Configuration.
04:13:42.886 [main] INFO org.springframework.boot.test.context.SpringBootTestContextBootstrapper -- Found @SpringBootConfiguration config.configurationserver.ConfigurationServerApplication for test class config.configurationserver.ConfigurationServerApplicationTests

  .   ____          _            __ _ _
 /\\ / ___'_ __ _ _(_)_ __  __ _ \ \ \ \
( ( )\___ | '_ | '_| | '_ \/ _` | \ \ \ \
 \\/  ___)| |_)| | | | | || (_| |  ) ) ) )
  '  |____| .__|_| |_|_| |_\__, | / / / /
 =========|_|==============|___/=/_/_/_/

 :: Spring Boot ::                (v3.3.5)

2024-11-26T04:13:43.769+01:00  INFO 12204 --- [configurationServer] [           main] c.c.ConfigurationServerApplicationTests  : Starting ConfigurationServerApplicationTests using Java 17.0.12 with PID 12204 (started by hassanfig in /home/hassanfig/Bureau/orders-management/configurationServer)
2024-11-26T04:13:43.773+01:00  INFO 12204 --- [configurationServer] [           main] c.c.ConfigurationServerApplicationTests  : No active profile set, falling back to 1 default profile: "default"
2024-11-26T04:13:45.490+01:00  INFO 12204 --- [configurationServer] [           main] o.s.cloud.context.scope.GenericScope     : BeanFactory id=787b121a-74d8-30a5-94b0-500112dce1cc
2024-11-26T04:13:47.546+01:00  INFO 12204 --- [configurationServer] [           main] c.c.ConfigurationServerApplicationTests  : Started ConfigurationServerApplicationTests in 4.373 seconds (process running for 5.996)
]]></system-out>
  </testcase>
</testsuite>