<?xml version="1.0" encoding="UTF-8"?>
<testsuite xmlns:xsi="http://www.w3.org/2001/XMLSchema-instance" xsi:noNamespaceSchemaLocation="https://maven.apache.org/surefire/maven-surefire-plugin/xsd/surefire-test-report-3.0.xsd" version="3.0" name="com.adminserver.AdminServerApplicationTests" time="13.041" tests="1" errors="0" skipped="0" failures="0">
  <properties>
[...]
</properties>
  <testcase name="contextLoads" classname="com.adminserver.AdminServerApplicationTests" time="2.173">
    <system-out><![CDATA[15:16:47.656 [main] INFO org.springframework.test.context.support.AnnotationConfigContextLoaderUtils -- Could not detect default configuration classes for test class [com.adminserver.AdminServerApplicationTests]: AdminServerApplicationTests does not declare any static, non-private, non-final, nested classes annotated with @Configuration.
15:16:48.056 [main] INFO org.springframework.boot.test.context.SpringBootTestContextBootstrapper -- Found @SpringBootConfiguration com.adminserver.AdminServerApplication for test class com.adminserver.AdminServerApplicationTests

  .   ____          _            __ _ _
 /\\ / ___'_ __ _ _(_)_ __  __ _ \ \ \ \
( ( )\___ | '_ | '_| | '_ \/ _` | \ \ \ \
 \\/  ___)| |_)| | | | | || (_| |  ) ) ) )
  '  |____| .__|_| |_|_| |_\__, | / / / /
 =========|_|==============|___/=/_/_/_/

 :: Spring Boot ::                (v3.3.5)

2024-10-29T15:16:49.550+01:00  INFO 25648 --- [admin-server] [           main] c.a.AdminServerApplicationTests          : Starting AdminServerApplicationTests using Java 19.0.1 with PID 25648 (started by figui in C:\Users\figui\Desktop\TP3-20241022T195514Z-001\orders-management\admin-server)
2024-10-29T15:16:49.553+01:00  INFO 25648 --- [admin-server] [           main] c.a.AdminServerApplicationTests          : No active profile set, falling back to 1 default profile: "default"
2024-10-29T15:16:55.071+01:00  WARN 25648 --- [admin-server] [           main] ion$DefaultTemplateResolverConfiguration : Cannot find template location: classpath:/templates/ (please add some templates, check your Thymeleaf configuration, or set spring.thymeleaf.check-template-location=false)
2024-10-29T15:16:56.498+01:00  INFO 25648 --- [admin-server] [           main] o.s.b.a.e.web.EndpointLinksResolver      : Exposing 1 endpoint beneath base path '/actuator'
2024-10-29T15:16:57.606+01:00  INFO 25648 --- [admin-server] [           main] c.a.AdminServerApplicationTests          : Started AdminServerApplicationTests in 9.066 seconds (process running for 12.335)
]]></system-out>
  </testcase>
</testsuite>